<?xml version="1.0" encoding="UTF-8"?>
<!-- Generated by org.testng.reporters.JUnitXMLReporter -->
<testsuite ignored="3" hostname="DESKTOP-LLLGMOJ" failures="0" tests="2" name="testing" time="0.074" errors="0" timestamp="15 Sep 2022 14:55:04 GMT">
  <testcase classname="testngsamples.GroupExamples" name="testCaseFive" time="0.015"/>
  <testcase classname="testngsamples.GroupExamples" name="testCaseThree" time="0.001"/>
  <testcase classname="testngsamples.GroupExamples" name="testCaseTwo" time="0.0">
    <ignored/>
  </testcase> <!-- testCaseTwo -->
  <testcase classname="testngsamples.GroupExamples" name="testCaseFour" time="0.0">
    <ignored/>
  </testcase> <!-- testCaseFour -->
  <testcase classname="testngsamples.GroupExamples" name="testCaseOne" time="0.0">
    <ignored/>
  </testcase> <!-- testCaseOne -->
</testsuite> <!-- testing -->
