<?xml version="1.0" encoding="UTF-8"?>
<!-- Generated by org.testng.reporters.JUnitXMLReporter -->
<testsuite ignored="0" hostname="DESKTOP-LLLGMOJ" failures="0" tests="4" name="Testing Parameterization" time="11.159" errors="0" timestamp="15 Sep 2022 15:03:35 GMT">
  <testcase classname="testngsamples.Parameterization" name="testCaseOne" time="0.012"/>
  <testcase classname="testngsamples.Parameterization" name="testCaseThree" time="0.003"/>
  <testcase classname="testngsamples.Parameterization" name="testCaseTwo" time="0.002"/>
  <testcase classname="testngsamples.Parameterization" name="testLoginOfVtiger" time="11.091"/>
</testsuite> <!-- Testing Parameterization -->
