<?xml version="1.0" encoding="UTF-8"?>
<!-- Generated by org.testng.reporters.JUnitXMLReporter -->
<testsuite hostname="DESKTOP-LLLGMOJ" ignored="2" name="Test" tests="19" failures="1" timestamp="16 Sep 2022 15:30:26 GMT" time="12.911" errors="0">
  <testcase name="openBrowserAndAppURL" time="0.008" classname="testngsamples.Actitime_InvocationCount"/>
  <testcase name="openBrowserAndAppURL" time="0.001" classname="testngsamples.Actitime_InvocationCount"/>
  <testcase name="openBrowserAndAppURL" time="0.0" classname="testngsamples.Actitime_InvocationCount"/>
  <testcase name="openBrowserAndAppURL" time="0.0" classname="testngsamples.Actitime_InvocationCount"/>
  <testcase name="openBrowserAndAppURL" time="0.0" classname="testngsamples.Actitime_InvocationCount"/>
  <testcase name="testCase1" time="12.667" classname="testngsamples.FirstTestNgWebScript"/>
  <testcase name="createTask" time="0.0" classname="testngsamples.Actitime_Enabled"/>
  <testcase name="openBrowserAndAppURL" time="0.001" classname="testngsamples.Actitime_Enabled"/>
  <testcase name="openBrowserAndAppURL" time="0.191" classname="testngsamples.Actitime_Timeout"/>
  <testcase name="dividedByZeroExample1" time="0.001" classname="testngsamples.Actitime_ExceptionAndTimeout"/>
  <testcase name="executetimeOut" time="0.001" classname="testngsamples.Actitime_ExceptionAndTimeout"/>
  <testcase name="createTask" time="0.0" classname="testngsamples.Actitime_DependsOn"/>
  <testcase name="openBrowserAndAppURL" time="0.0" classname="testngsamples.Actitime_DependsOn">
    <failure type="java.lang.ArithmeticException" message="/ by zero">
      <![CDATA[java.lang.ArithmeticException: / by zero
at testngsamples.Actitime_DependsOn.openBrowserAndAppURL(Actitime_DependsOn.java:7)
... Removed 34 stack frames]]>
    </failure>
  </testcase> <!-- openBrowserAndAppURL -->
  <testcase name="logoutClose" time="0.001" classname="testngsamples.Actitime_DependsOn"/>
  <testcase name="login" time="0.0" classname="testngsamples.Actitime_DependsOn">
    <skipped/>
  </testcase> <!-- login -->
  <testcase name="openBrowserAndAppURL" time="0.0" classname="testngsamples.Actitime_Priority"/>
  <testcase name="login" time="0.001" classname="testngsamples.Actitime_Priority"/>
  <testcase name="createTask" time="0.0" classname="testngsamples.Actitime_Priority"/>
  <testcase name="logoutClose" time="0.0" classname="testngsamples.Actitime_Priority"/>
  <testcase name="logoutClose" time="0.0" classname="testngsamples.Actitime_Enabled">
    <ignored/>
  </testcase> <!-- logoutClose -->
  <testcase name="login" time="0.0" classname="testngsamples.Actitime_Enabled">
    <ignored/>
  </testcase> <!-- login -->
</testsuite> <!-- Test -->
